<?xml version="1.0" encoding="UTF-8"?>
<!-- Generated by org.testng.reporters.JUnitXMLReporter -->
<testsuite ignored="0" hostname="DESKTOP-3DCDJ18" failures="0" tests="8" name="Default test" time="25.139" errors="0" timestamp="2023-04-21T20:15:02 EET">
  <testcase classname="testing" name="AssertCurrencyAndLogo" time="4.516"/>
  <testcase classname="testing" name="AssertCurrencyAndLogo" time="1.934"/>
  <testcase classname="testing" name="AssertCurrencyAndLogo" time="2.619"/>
  <testcase classname="testing" name="AssertLogo" time="0.049"/>
  <testcase classname="testing" name="SendPlacesRandomly" time="2.402"/>
  <testcase classname="testing" name="SendPlacesRandomly" time="2.258"/>
  <testcase classname="testing" name="SendPlacesRandomly" time="2.013"/>
  <testcase classname="testing" name="chooseHotelRoomRandomly" time="9.282"/>
</testsuite> <!-- Default test -->
