<?xml version="1.0" encoding="UTF-8"?>
<testng-results ignored="0" total="8" passed="8" failed="0" skipped="0">
  <reporter-output>
  </reporter-output>
  <suite started-at="2023-04-21T20:14:37 EET" name="Default suite" finished-at="2023-04-21T20:15:02 EET" duration-ms="25139">
    <groups>
    </groups>
    <test started-at="2023-04-21T20:14:37 EET" name="Default test" finished-at="2023-04-21T20:15:02 EET" duration-ms="25139">
      <class name="testing">
        <test-method is-config="true" signature="before()[pri:0, instance:testing@4c03a37]" started-at="2023-04-21T20:14:37 EET" name="before" finished-at="2023-04-21T20:14:37 EET" duration-ms="12" status="PASS">
          <reporter-output>
          </reporter-output>
        </test-method> <!-- before -->
        <test-method signature="AssertCurrencyAndLogo()[pri:1, instance:testing@4c03a37]" started-at="2023-04-21T20:14:37 EET" name="AssertCurrencyAndLogo" finished-at="2023-04-21T20:14:42 EET" duration-ms="4516" status="PASS">
          <reporter-output>
          </reporter-output>
        </test-method> <!-- AssertCurrencyAndLogo -->
        <test-method signature="AssertCurrencyAndLogo()[pri:1, instance:testing@4c03a37]" started-at="2023-04-21T20:14:42 EET" name="AssertCurrencyAndLogo" finished-at="2023-04-21T20:14:44 EET" duration-ms="1934" status="PASS">
          <reporter-output>
          </reporter-output>
        </test-method> <!-- AssertCurrencyAndLogo -->
        <test-method signature="AssertCurrencyAndLogo()[pri:1, instance:testing@4c03a37]" started-at="2023-04-21T20:14:44 EET" name="AssertCurrencyAndLogo" finished-at="2023-04-21T20:14:46 EET" duration-ms="2619" status="PASS">
          <reporter-output>
          </reporter-output>
        </test-method> <!-- AssertCurrencyAndLogo -->
        <test-method signature="AssertLogo()[pri:2, instance:testing@4c03a37]" started-at="2023-04-21T20:14:46 EET" name="AssertLogo" finished-at="2023-04-21T20:14:46 EET" duration-ms="49" status="PASS">
          <reporter-output>
          </reporter-output>
        </test-method> <!-- AssertLogo -->
        <test-method signature="SendPlacesRandomly()[pri:3, instance:testing@4c03a37]" started-at="2023-04-21T20:14:46 EET" name="SendPlacesRandomly" finished-at="2023-04-21T20:14:49 EET" duration-ms="2402" status="PASS">
          <reporter-output>
          </reporter-output>
        </test-method> <!-- SendPlacesRandomly -->
        <test-method signature="SendPlacesRandomly()[pri:3, instance:testing@4c03a37]" started-at="2023-04-21T20:14:49 EET" name="SendPlacesRandomly" finished-at="2023-04-21T20:14:51 EET" duration-ms="2258" status="PASS">
          <reporter-output>
          </reporter-output>
        </test-method> <!-- SendPlacesRandomly -->
        <test-method signature="SendPlacesRandomly()[pri:3, instance:testing@4c03a37]" started-at="2023-04-21T20:14:51 EET" name="SendPlacesRandomly" finished-at="2023-04-21T20:14:53 EET" duration-ms="2013" status="PASS">
          <reporter-output>
          </reporter-output>
        </test-method> <!-- SendPlacesRandomly -->
        <test-method signature="chooseHotelRoomRandomly()[pri:4, instance:testing@4c03a37]" started-at="2023-04-21T20:14:53 EET" name="chooseHotelRoomRandomly" finished-at="2023-04-21T20:15:02 EET" duration-ms="9282" status="PASS">
          <reporter-output>
          </reporter-output>
        </test-method> <!-- chooseHotelRoomRandomly -->
      </class> <!-- testing -->
    </test> <!-- Default test -->
  </suite> <!-- Default suite -->
</testng-results>
